## Footprint report - date 2025-03-08T21:14:17+0300
## Created by KiCad version 9.0.0
## Unit = mm, Angle = deg.

$BeginDESCRIPTION

$BOARD
upper_left_corner 118.900000 70.095000
lower_right_corner 160.600000 151.705000
$EndBOARD

$MODULE C1
footprint Capacitor_SMD:C_0603_1608Metric_Pad1.08x0.95mm_HandSolder
attribut smd
position 143.550000 90.030000  orientation -90.00
layer front
$PAD "1"
Shape Roundrect Layer front
position -0.862500  0.000000  size  1.075000  0.950000  orientation 360.00
drill  0.000000
shape_offset  0.000000  0.000000
$EndPAD
$PAD "2"
Shape Roundrect Layer front
position  0.862500  0.000000  size  1.075000  0.950000  orientation 360.00
drill  0.000000
shape_offset  0.000000  0.000000
$EndPAD
$EndMODULE  C1

$MODULE C2
footprint Capacitor_SMD:C_0603_1608Metric_Pad1.08x0.95mm_HandSolder
attribut smd
position 139.550000 89.892500  orientation 90.00
layer front
$PAD "1"
Shape Roundrect Layer front
position -0.862500  0.000000  size  1.075000  0.950000  orientation 0.00
drill  0.000000
shape_offset  0.000000  0.000000
$EndPAD
$PAD "2"
Shape Roundrect Layer front
position  0.862500  0.000000  size  1.075000  0.950000  orientation 0.00
drill  0.000000
shape_offset  0.000000  0.000000
$EndPAD
$EndMODULE  C2

$MODULE C3
footprint Capacitor_SMD:C_0603_1608Metric_Pad1.08x0.95mm_HandSolder
attribut smd
position 137.800000 90.000000  orientation -90.00
layer front
$PAD "1"
Shape Roundrect Layer front
position -0.862500  0.000000  size  1.075000  0.950000  orientation 360.00
drill  0.000000
shape_offset  0.000000  0.000000
$EndPAD
$PAD "2"
Shape Roundrect Layer front
position  0.862500  0.000000  size  1.075000  0.950000  orientation 360.00
drill  0.000000
shape_offset  0.000000  0.000000
$EndPAD
$EndMODULE  C3

$MODULE C4
footprint Capacitor_SMD:C_0603_1608Metric_Pad1.08x0.95mm_HandSolder
attribut smd
position 131.550000 90.000000  orientation -90.00
layer front
$PAD "1"
Shape Roundrect Layer front
position -0.862500  0.000000  size  1.075000  0.950000  orientation 360.00
drill  0.000000
shape_offset  0.000000  0.000000
$EndPAD
$PAD "2"
Shape Roundrect Layer front
position  0.862500  0.000000  size  1.075000  0.950000  orientation 360.00
drill  0.000000
shape_offset  0.000000  0.000000
$EndPAD
$EndMODULE  C4

$MODULE C5
footprint Capacitor_SMD:C_0603_1608Metric_Pad1.08x0.95mm_HandSolder
attribut smd
position 140.400000 119.862500  orientation -90.00
layer front
$PAD "1"
Shape Roundrect Layer front
position -0.862500  0.000000  size  1.075000  0.950000  orientation 360.00
drill  0.000000
shape_offset  0.000000  0.000000
$EndPAD
$PAD "2"
Shape Roundrect Layer front
position  0.862500  0.000000  size  1.075000  0.950000  orientation 360.00
drill  0.000000
shape_offset  0.000000  0.000000
$EndPAD
$EndMODULE  C5

$MODULE C6
footprint Capacitor_SMD:C_0603_1608Metric_Pad1.08x0.95mm_HandSolder
attribut smd
position 140.800000 98.937500  orientation 90.00
layer front
$PAD "1"
Shape Roundrect Layer front
position -0.862500  0.000000  size  1.075000  0.950000  orientation 0.00
drill  0.000000
shape_offset  0.000000  0.000000
$EndPAD
$PAD "2"
Shape Roundrect Layer front
position  0.862500  0.000000  size  1.075000  0.950000  orientation 0.00
drill  0.000000
shape_offset  0.000000  0.000000
$EndPAD
$EndMODULE  C6

$MODULE C7
footprint Capacitor_SMD:C_0603_1608Metric_Pad1.08x0.95mm_HandSolder
attribut smd
position 147.687500 125.500000  orientation -90.00
layer front
$PAD "1"
Shape Roundrect Layer front
position -0.862500  0.000000  size  1.075000  0.950000  orientation 360.00
drill  0.000000
shape_offset  0.000000  0.000000
$EndPAD
$PAD "2"
Shape Roundrect Layer front
position  0.862500  0.000000  size  1.075000  0.950000  orientation 360.00
drill  0.000000
shape_offset  0.000000  0.000000
$EndPAD
$EndMODULE  C7

$MODULE C8
footprint Capacitor_SMD:C_0603_1608Metric_Pad1.08x0.95mm_HandSolder
attribut smd
position 140.600000 128.200000  orientation 0.00
layer front
$PAD "1"
Shape Roundrect Layer front
position -0.862500  0.000000  size  1.075000  0.950000  orientation 0.00
drill  0.000000
shape_offset  0.000000  0.000000
$EndPAD
$PAD "2"
Shape Roundrect Layer front
position  0.862500  0.000000  size  1.075000  0.950000  orientation 0.00
drill  0.000000
shape_offset  0.000000  0.000000
$EndPAD
$EndMODULE  C8

$MODULE C9
footprint Capacitor_SMD:C_0603_1608Metric_Pad1.08x0.95mm_HandSolder
attribut smd
position 140.600000 130.000000  orientation 0.00
layer front
$PAD "1"
Shape Roundrect Layer front
position -0.862500  0.000000  size  1.075000  0.950000  orientation 0.00
drill  0.000000
shape_offset  0.000000  0.000000
$EndPAD
$PAD "2"
Shape Roundrect Layer front
position  0.862500  0.000000  size  1.075000  0.950000  orientation 0.00
drill  0.000000
shape_offset  0.000000  0.000000
$EndPAD
$EndMODULE  C9

$MODULE C10
footprint Capacitor_SMD:C_0603_1608Metric_Pad1.08x0.95mm_HandSolder
attribut smd
position 140.615000 126.400000  orientation 0.00
layer front
$PAD "1"
Shape Roundrect Layer front
position -0.862500  0.000000  size  1.075000  0.950000  orientation 0.00
drill  0.000000
shape_offset  0.000000  0.000000
$EndPAD
$PAD "2"
Shape Roundrect Layer front
position  0.862500  0.000000  size  1.075000  0.950000  orientation 0.00
drill  0.000000
shape_offset  0.000000  0.000000
$EndPAD
$EndMODULE  C10

$MODULE C11
footprint Capacitor_SMD:C_0603_1608Metric_Pad1.08x0.95mm_HandSolder
attribut smd
position 140.615000 124.600000  orientation 0.00
layer front
$PAD "1"
Shape Roundrect Layer front
position -0.862500  0.000000  size  1.075000  0.950000  orientation 0.00
drill  0.000000
shape_offset  0.000000  0.000000
$EndPAD
$PAD "2"
Shape Roundrect Layer front
position  0.862500  0.000000  size  1.075000  0.950000  orientation 0.00
drill  0.000000
shape_offset  0.000000  0.000000
$EndPAD
$EndMODULE  C11

$MODULE C12
footprint Capacitor_SMD:C_0603_1608Metric_Pad1.08x0.95mm_HandSolder
attribut smd
position 134.562500 120.800000  orientation 0.00
layer front
$PAD "1"
Shape Roundrect Layer front
position -0.862500  0.000000  size  1.075000  0.950000  orientation 0.00
drill  0.000000
shape_offset  0.000000  0.000000
$EndPAD
$PAD "2"
Shape Roundrect Layer front
position  0.862500  0.000000  size  1.075000  0.950000  orientation 0.00
drill  0.000000
shape_offset  0.000000  0.000000
$EndPAD
$EndMODULE  C12

$MODULE C13
footprint Capacitor_SMD:C_0603_1608Metric_Pad1.08x0.95mm_HandSolder
attribut smd
position 134.562500 118.800000  orientation 0.00
layer front
$PAD "1"
Shape Roundrect Layer front
position -0.862500  0.000000  size  1.075000  0.950000  orientation 0.00
drill  0.000000
shape_offset  0.000000  0.000000
$EndPAD
$PAD "2"
Shape Roundrect Layer front
position  0.862500  0.000000  size  1.075000  0.950000  orientation 0.00
drill  0.000000
shape_offset  0.000000  0.000000
$EndPAD
$EndMODULE  C13

$MODULE C14
footprint Capacitor_SMD:C_0603_1608Metric_Pad1.08x0.95mm_HandSolder
attribut smd
position 142.100000 119.900000  orientation 90.00
layer front
$PAD "1"
Shape Roundrect Layer front
position -0.862500  0.000000  size  1.075000  0.950000  orientation 0.00
drill  0.000000
shape_offset  0.000000  0.000000
$EndPAD
$PAD "2"
Shape Roundrect Layer front
position  0.862500  0.000000  size  1.075000  0.950000  orientation 0.00
drill  0.000000
shape_offset  0.000000  0.000000
$EndPAD
$EndMODULE  C14

$MODULE C15
footprint Capacitor_SMD:C_0603_1608Metric_Pad1.08x0.95mm_HandSolder
attribut smd
position 137.560000 98.952500  orientation 90.00
layer front
$PAD "1"
Shape Roundrect Layer front
position -0.862500  0.000000  size  1.075000  0.950000  orientation 0.00
drill  0.000000
shape_offset  0.000000  0.000000
$EndPAD
$PAD "2"
Shape Roundrect Layer front
position  0.862500  0.000000  size  1.075000  0.950000  orientation 0.00
drill  0.000000
shape_offset  0.000000  0.000000
$EndPAD
$EndMODULE  C15

$MODULE C16
footprint Capacitor_SMD:C_0603_1608Metric_Pad1.08x0.95mm_HandSolder
attribut smd
position 136.937500 124.600000  orientation 0.00
layer front
$PAD "1"
Shape Roundrect Layer front
position -0.862500  0.000000  size  1.075000  0.950000  orientation 0.00
drill  0.000000
shape_offset  0.000000  0.000000
$EndPAD
$PAD "2"
Shape Roundrect Layer front
position  0.862500  0.000000  size  1.075000  0.950000  orientation 0.00
drill  0.000000
shape_offset  0.000000  0.000000
$EndPAD
$EndMODULE  C16

$MODULE C17
footprint Capacitor_SMD:C_0603_1608Metric_Pad1.08x0.95mm_HandSolder
attribut smd
position 136.937500 126.400000  orientation 0.00
layer front
$PAD "1"
Shape Roundrect Layer front
position -0.862500  0.000000  size  1.075000  0.950000  orientation 0.00
drill  0.000000
shape_offset  0.000000  0.000000
$EndPAD
$PAD "2"
Shape Roundrect Layer front
position  0.862500  0.000000  size  1.075000  0.950000  orientation 0.00
drill  0.000000
shape_offset  0.000000  0.000000
$EndPAD
$EndMODULE  C17

$MODULE C18
footprint Capacitor_SMD:C_0603_1608Metric_Pad1.08x0.95mm_HandSolder
attribut smd
position 145.000000 80.700000  orientation 0.00
layer front
$PAD "1"
Shape Roundrect Layer front
position -0.862500  0.000000  size  1.075000  0.950000  orientation 0.00
drill  0.000000
shape_offset  0.000000  0.000000
$EndPAD
$PAD "2"
Shape Roundrect Layer front
position  0.862500  0.000000  size  1.075000  0.950000  orientation 0.00
drill  0.000000
shape_offset  0.000000  0.000000
$EndPAD
$EndMODULE  C18

$MODULE C19
footprint Capacitor_SMD:C_0603_1608Metric_Pad1.08x0.95mm_HandSolder
attribut smd
position 144.430000 128.785000  orientation 180.00
layer front
$PAD "1"
Shape Roundrect Layer front
position -0.862500  0.000000  size  1.075000  0.950000  orientation 0.00
drill  0.000000
shape_offset  0.000000  0.000000
$EndPAD
$PAD "2"
Shape Roundrect Layer front
position  0.862500  0.000000  size  1.075000  0.950000  orientation 0.00
drill  0.000000
shape_offset  0.000000  0.000000
$EndPAD
$EndMODULE  C19

$MODULE C20
footprint Capacitor_SMD:C_0603_1608Metric_Pad1.08x0.95mm_HandSolder
attribut smd
position 146.637500 140.000000  orientation 180.00
layer front
$PAD "1"
Shape Roundrect Layer front
position -0.862500  0.000000  size  1.075000  0.950000  orientation 0.00
drill  0.000000
shape_offset  0.000000  0.000000
$EndPAD
$PAD "2"
Shape Roundrect Layer front
position  0.862500  0.000000  size  1.075000  0.950000  orientation 0.00
drill  0.000000
shape_offset  0.000000  0.000000
$EndPAD
$EndMODULE  C20

$MODULE C21
footprint Capacitor_SMD:C_0603_1608Metric_Pad1.08x0.95mm_HandSolder
attribut smd
position 147.930000 128.785000  orientation 180.00
layer front
$PAD "1"
Shape Roundrect Layer front
position -0.862500  0.000000  size  1.075000  0.950000  orientation 0.00
drill  0.000000
shape_offset  0.000000  0.000000
$EndPAD
$PAD "2"
Shape Roundrect Layer front
position  0.862500  0.000000  size  1.075000  0.950000  orientation 0.00
drill  0.000000
shape_offset  0.000000  0.000000
$EndPAD
$EndMODULE  C21

$MODULE D1
footprint Package_TO_SOT_SMD:SOT-23
attribut smd
position 144.750000 125.500000  orientation 0.00
layer front
$PAD "1"
Shape Roundrect Layer front
position -0.937500 -0.950000  size  1.475000  0.600000  orientation 0.00
drill  0.000000
shape_offset  0.000000  0.000000
$EndPAD
$PAD "2"
Shape Roundrect Layer front
position -0.937500  0.950000  size  1.475000  0.600000  orientation 0.00
drill  0.000000
shape_offset  0.000000  0.000000
$EndPAD
$PAD "3"
Shape Roundrect Layer front
position  0.937500  0.000000  size  1.475000  0.600000  orientation 0.00
drill  0.000000
shape_offset  0.000000  0.000000
$EndPAD
$EndMODULE  D1

$MODULE D2
footprint LED_SMD:LED_0805_2012Metric
attribut smd
position 151.200000 85.937500  orientation -90.00
layer front
$PAD "1"
Shape Roundrect Layer front
position -0.937500  0.000000  size  0.975000  1.400000  orientation 360.00
drill  0.000000
shape_offset  0.000000  0.000000
$EndPAD
$PAD "2"
Shape Roundrect Layer front
position  0.937500  0.000000  size  0.975000  1.400000  orientation 360.00
drill  0.000000
shape_offset  0.000000  0.000000
$EndPAD
$EndMODULE  D2

$MODULE D3
footprint LED_SMD:LED_0805_2012Metric
attribut smd
position 146.700000 85.937500  orientation -90.00
layer front
$PAD "1"
Shape Roundrect Layer front
position -0.937500  0.000000  size  0.975000  1.400000  orientation 360.00
drill  0.000000
shape_offset  0.000000  0.000000
$EndPAD
$PAD "2"
Shape Roundrect Layer front
position  0.937500  0.000000  size  0.975000  1.400000  orientation 360.00
drill  0.000000
shape_offset  0.000000  0.000000
$EndPAD
$EndMODULE  D3

$MODULE D4
footprint Diode_SMD:D_SOD-123
attribut smd
position 141.430000 133.500000  orientation 90.00
layer front
$PAD "1"
Shape Roundrect Layer front
position -1.650000  0.000000  size  0.900000  1.200000  orientation 0.00
drill  0.000000
shape_offset  0.000000  0.000000
$EndPAD
$PAD "2"
Shape Roundrect Layer front
position  1.650000  0.000000  size  0.900000  1.200000  orientation 0.00
drill  0.000000
shape_offset  0.000000  0.000000
$EndPAD
$EndMODULE  D4

$MODULE FB1
footprint Resistor_SMD:R_0805_2012Metric_Pad1.20x1.40mm_HandSolder
attribut smd
position 137.500000 119.800000  orientation -90.00
layer front
$PAD "1"
Shape Roundrect Layer front
position -1.000000  0.000000  size  1.200000  1.400000  orientation 360.00
drill  0.000000
shape_offset  0.000000  0.000000
$EndPAD
$PAD "2"
Shape Roundrect Layer front
position  1.000000  0.000000  size  1.200000  1.400000  orientation 360.00
drill  0.000000
shape_offset  0.000000  0.000000
$EndPAD
$EndMODULE  FB1

$MODULE J1
footprint Connector_USB:USB_C_Receptacle_GCT_USB4105-xx-A_16P_TopMnt_Horizontal
attribut smd
position 146.500000 147.500000  orientation 0.00
layer front
$PAD ""
Shape Circle Layer both
position -2.890000 -2.605000  size  0.650000  0.650000  orientation 0.00
drill  0.650000
shape_offset  0.000000  0.000000
$EndPAD
$PAD ""
Shape Circle Layer both
position  2.890000 -2.605000  size  0.650000  0.650000  orientation 0.00
drill  0.650000
shape_offset  0.000000  0.000000
$EndPAD
$PAD "A1"
Shape Roundrect Layer front
position -3.200000 -3.680000  size  0.600000  1.150000  orientation 0.00
drill  0.000000
shape_offset  0.000000  0.000000
$EndPAD
$PAD "A4"
Shape Roundrect Layer front
position -2.400000 -3.680000  size  0.600000  1.150000  orientation 0.00
drill  0.000000
shape_offset  0.000000  0.000000
$EndPAD
$PAD "A5"
Shape Roundrect Layer front
position -1.250000 -3.680000  size  0.300000  1.150000  orientation 0.00
drill  0.000000
shape_offset  0.000000  0.000000
$EndPAD
$PAD "A6"
Shape Roundrect Layer front
position -0.250000 -3.680000  size  0.300000  1.150000  orientation 0.00
drill  0.000000
shape_offset  0.000000  0.000000
$EndPAD
$PAD "A7"
Shape Roundrect Layer front
position  0.250000 -3.680000  size  0.300000  1.150000  orientation 0.00
drill  0.000000
shape_offset  0.000000  0.000000
$EndPAD
$PAD "A8"
Shape Roundrect Layer front
position  1.250000 -3.680000  size  0.300000  1.150000  orientation 0.00
drill  0.000000
shape_offset  0.000000  0.000000
$EndPAD
$PAD "A9"
Shape Roundrect Layer front
position  2.400000 -3.680000  size  0.600000  1.150000  orientation 0.00
drill  0.000000
shape_offset  0.000000  0.000000
$EndPAD
$PAD "A12"
Shape Roundrect Layer front
position  3.200000 -3.680000  size  0.600000  1.150000  orientation 0.00
drill  0.000000
shape_offset  0.000000  0.000000
$EndPAD
$PAD "B1"
Shape Roundrect Layer front
position  3.200000 -3.680000  size  0.600000  1.150000  orientation 0.00
drill  0.000000
shape_offset  0.000000  0.000000
$EndPAD
$PAD "B4"
Shape Roundrect Layer front
position  2.400000 -3.680000  size  0.600000  1.150000  orientation 0.00
drill  0.000000
shape_offset  0.000000  0.000000
$EndPAD
$PAD "B5"
Shape Roundrect Layer front
position  1.750000 -3.680000  size  0.300000  1.150000  orientation 0.00
drill  0.000000
shape_offset  0.000000  0.000000
$EndPAD
$PAD "B6"
Shape Roundrect Layer front
position  0.750000 -3.680000  size  0.300000  1.150000  orientation 0.00
drill  0.000000
shape_offset  0.000000  0.000000
$EndPAD
$PAD "B7"
Shape Roundrect Layer front
position -0.750000 -3.680000  size  0.300000  1.150000  orientation 0.00
drill  0.000000
shape_offset  0.000000  0.000000
$EndPAD
$PAD "B8"
Shape Roundrect Layer front
position -1.750000 -3.680000  size  0.300000  1.150000  orientation 0.00
drill  0.000000
shape_offset  0.000000  0.000000
$EndPAD
$PAD "B9"
Shape Roundrect Layer front
position -2.400000 -3.680000  size  0.600000  1.150000  orientation 0.00
drill  0.000000
shape_offset  0.000000  0.000000
$EndPAD
$PAD "B12"
Shape Roundrect Layer front
position -3.200000 -3.680000  size  0.600000  1.150000  orientation 0.00
drill  0.000000
shape_offset  0.000000  0.000000
$EndPAD
$PAD "S1"
Shape Oval Layer both
position -4.320000 -3.105000  size  1.000000  2.100000  orientation 0.00
drill  0.600000
shape_offset  0.000000  0.000000
$EndPAD
$PAD "S1"
Shape Oval Layer both
position -4.320000  1.075000  size  1.000000  1.800000  orientation 0.00
drill  0.600000
shape_offset  0.000000  0.000000
$EndPAD
$PAD "S1"
Shape Oval Layer both
position  4.320000 -3.105000  size  1.000000  2.100000  orientation 0.00
drill  0.600000
shape_offset  0.000000  0.000000
$EndPAD
$PAD "S1"
Shape Oval Layer both
position  4.320000  1.075000  size  1.000000  1.800000  orientation 0.00
drill  0.600000
shape_offset  0.000000  0.000000
$EndPAD
$EndMODULE  J1

$MODULE J2
footprint Connector_PinHeader_2.54mm:PinHeader_1x30_P2.54mm_Vertical
attribut none
position 158.000000 149.020000  orientation 180.00
layer front
$PAD "1"
Shape Rect Layer both
position  0.000000  0.000000  size  1.700000  1.700000  orientation 0.00
drill  1.000000
shape_offset  0.000000  0.000000
$EndPAD
$PAD "2"
Shape Oval Layer both
position  0.000000  2.540000  size  1.700000  1.700000  orientation 0.00
drill  1.000000
shape_offset  0.000000  0.000000
$EndPAD
$PAD "3"
Shape Oval Layer both
position  0.000000  5.080000  size  1.700000  1.700000  orientation 0.00
drill  1.000000
shape_offset  0.000000  0.000000
$EndPAD
$PAD "4"
Shape Oval Layer both
position  0.000000  7.620000  size  1.700000  1.700000  orientation 0.00
drill  1.000000
shape_offset  0.000000  0.000000
$EndPAD
$PAD "5"
Shape Oval Layer both
position  0.000000 10.160000  size  1.700000  1.700000  orientation 0.00
drill  1.000000
shape_offset  0.000000  0.000000
$EndPAD
$PAD "6"
Shape Oval Layer both
position  0.000000 12.700000  size  1.700000  1.700000  orientation 0.00
drill  1.000000
shape_offset  0.000000  0.000000
$EndPAD
$PAD "7"
Shape Oval Layer both
position  0.000000 15.240000  size  1.700000  1.700000  orientation 0.00
drill  1.000000
shape_offset  0.000000  0.000000
$EndPAD
$PAD "8"
Shape Oval Layer both
position  0.000000 17.780000  size  1.700000  1.700000  orientation 0.00
drill  1.000000
shape_offset  0.000000  0.000000
$EndPAD
$PAD "9"
Shape Oval Layer both
position  0.000000 20.320000  size  1.700000  1.700000  orientation 0.00
drill  1.000000
shape_offset  0.000000  0.000000
$EndPAD
$PAD "10"
Shape Oval Layer both
position  0.000000 22.860000  size  1.700000  1.700000  orientation 0.00
drill  1.000000
shape_offset  0.000000  0.000000
$EndPAD
$PAD "11"
Shape Oval Layer both
position  0.000000 25.400000  size  1.700000  1.700000  orientation 0.00
drill  1.000000
shape_offset  0.000000  0.000000
$EndPAD
$PAD "12"
Shape Oval Layer both
position  0.000000 27.940000  size  1.700000  1.700000  orientation 0.00
drill  1.000000
shape_offset  0.000000  0.000000
$EndPAD
$PAD "13"
Shape Oval Layer both
position  0.000000 30.480000  size  1.700000  1.700000  orientation 0.00
drill  1.000000
shape_offset  0.000000  0.000000
$EndPAD
$PAD "14"
Shape Oval Layer both
position  0.000000 33.020000  size  1.700000  1.700000  orientation 0.00
drill  1.000000
shape_offset  0.000000  0.000000
$EndPAD
$PAD "15"
Shape Oval Layer both
position  0.000000 35.560000  size  1.700000  1.700000  orientation 0.00
drill  1.000000
shape_offset  0.000000  0.000000
$EndPAD
$PAD "16"
Shape Oval Layer both
position  0.000000 38.100000  size  1.700000  1.700000  orientation 0.00
drill  1.000000
shape_offset  0.000000  0.000000
$EndPAD
$PAD "17"
Shape Oval Layer both
position  0.000000 40.640000  size  1.700000  1.700000  orientation 0.00
drill  1.000000
shape_offset  0.000000  0.000000
$EndPAD
$PAD "18"
Shape Oval Layer both
position  0.000000 43.180000  size  1.700000  1.700000  orientation 0.00
drill  1.000000
shape_offset  0.000000  0.000000
$EndPAD
$PAD "19"
Shape Oval Layer both
position  0.000000 45.720000  size  1.700000  1.700000  orientation 0.00
drill  1.000000
shape_offset  0.000000  0.000000
$EndPAD
$PAD "20"
Shape Oval Layer both
position  0.000000 48.260000  size  1.700000  1.700000  orientation 0.00
drill  1.000000
shape_offset  0.000000  0.000000
$EndPAD
$PAD "21"
Shape Oval Layer both
position  0.000000 50.800000  size  1.700000  1.700000  orientation 0.00
drill  1.000000
shape_offset  0.000000  0.000000
$EndPAD
$PAD "22"
Shape Oval Layer both
position  0.000000 53.340000  size  1.700000  1.700000  orientation 0.00
drill  1.000000
shape_offset  0.000000  0.000000
$EndPAD
$PAD "23"
Shape Oval Layer both
position  0.000000 55.880000  size  1.700000  1.700000  orientation 0.00
drill  1.000000
shape_offset  0.000000  0.000000
$EndPAD
$PAD "24"
Shape Oval Layer both
position  0.000000 58.420000  size  1.700000  1.700000  orientation 0.00
drill  1.000000
shape_offset  0.000000  0.000000
$EndPAD
$PAD "25"
Shape Oval Layer both
position  0.000000 60.960000  size  1.700000  1.700000  orientation 0.00
drill  1.000000
shape_offset  0.000000  0.000000
$EndPAD
$PAD "26"
Shape Oval Layer both
position  0.000000 63.500000  size  1.700000  1.700000  orientation 0.00
drill  1.000000
shape_offset  0.000000  0.000000
$EndPAD
$PAD "27"
Shape Oval Layer both
position  0.000000 66.040000  size  1.700000  1.700000  orientation 0.00
drill  1.000000
shape_offset  0.000000  0.000000
$EndPAD
$PAD "28"
Shape Oval Layer both
position  0.000000 68.580000  size  1.700000  1.700000  orientation 0.00
drill  1.000000
shape_offset  0.000000  0.000000
$EndPAD
$PAD "29"
Shape Oval Layer both
position  0.000000 71.120000  size  1.700000  1.700000  orientation 0.00
drill  1.000000
shape_offset  0.000000  0.000000
$EndPAD
$PAD "30"
Shape Oval Layer both
position  0.000000 73.660000  size  1.700000  1.700000  orientation 0.00
drill  1.000000
shape_offset  0.000000  0.000000
$EndPAD
$EndMODULE  J2

$MODULE J3
footprint Connector_PinHeader_2.54mm:PinHeader_2x04_P2.54mm_Horizontal
attribut none
position 135.800000 137.850000  orientation -90.00
layer front
$PAD "1"
Shape Rect Layer both
position  0.000000  0.000000  size  1.700000  1.700000  orientation 360.00
drill  1.000000
shape_offset  0.000000  0.000000
$EndPAD
$PAD "2"
Shape Oval Layer both
position  2.540000  0.000000  size  1.700000  1.700000  orientation 360.00
drill  1.000000
shape_offset  0.000000  0.000000
$EndPAD
$PAD "3"
Shape Oval Layer both
position  0.000000  2.540000  size  1.700000  1.700000  orientation 360.00
drill  1.000000
shape_offset  0.000000  0.000000
$EndPAD
$PAD "4"
Shape Oval Layer both
position  2.540000  2.540000  size  1.700000  1.700000  orientation 360.00
drill  1.000000
shape_offset  0.000000  0.000000
$EndPAD
$PAD "5"
Shape Oval Layer both
position  0.000000  5.080000  size  1.700000  1.700000  orientation 360.00
drill  1.000000
shape_offset  0.000000  0.000000
$EndPAD
$PAD "6"
Shape Oval Layer both
position  2.540000  5.080000  size  1.700000  1.700000  orientation 360.00
drill  1.000000
shape_offset  0.000000  0.000000
$EndPAD
$PAD "7"
Shape Oval Layer both
position  0.000000  7.620000  size  1.700000  1.700000  orientation 360.00
drill  1.000000
shape_offset  0.000000  0.000000
$EndPAD
$PAD "8"
Shape Oval Layer both
position  2.540000  7.620000  size  1.700000  1.700000  orientation 360.00
drill  1.000000
shape_offset  0.000000  0.000000
$EndPAD
$EndMODULE  J3

$MODULE J6
footprint Connector_Card:microSD_HC_Hirose_DM3D-SF
attribut smd
position 134.480000 80.220000  orientation 180.00
layer front
$PAD "1"
Shape Rect Layer front
position  3.175000  5.350000  size  0.700000  1.750000  orientation 0.00
drill  0.000000
shape_offset  0.000000  0.000000
$EndPAD
$PAD "2"
Shape Rect Layer front
position  2.075000  5.350000  size  0.700000  1.750000  orientation 0.00
drill  0.000000
shape_offset  0.000000  0.000000
$EndPAD
$PAD "3"
Shape Rect Layer front
position  0.975000  5.350000  size  0.700000  1.750000  orientation 0.00
drill  0.000000
shape_offset  0.000000  0.000000
$EndPAD
$PAD "4"
Shape Rect Layer front
position -0.125000  5.350000  size  0.700000  1.750000  orientation 0.00
drill  0.000000
shape_offset  0.000000  0.000000
$EndPAD
$PAD "5"
Shape Rect Layer front
position -1.225000  5.350000  size  0.700000  1.750000  orientation 0.00
drill  0.000000
shape_offset  0.000000  0.000000
$EndPAD
$PAD "6"
Shape Rect Layer front
position -2.325000  5.350000  size  0.700000  1.750000  orientation 0.00
drill  0.000000
shape_offset  0.000000  0.000000
$EndPAD
$PAD "7"
Shape Rect Layer front
position -3.425000  5.350000  size  0.700000  1.750000  orientation 0.00
drill  0.000000
shape_offset  0.000000  0.000000
$EndPAD
$PAD "8"
Shape Rect Layer front
position -4.525000  5.350000  size  0.700000  1.750000  orientation 0.00
drill  0.000000
shape_offset  0.000000  0.000000
$EndPAD
$PAD "9"
Shape Rect Layer front
position -5.650000 -3.875000  size  1.450000  1.000000  orientation 0.00
drill  0.000000
shape_offset  0.000000  0.000000
$EndPAD
$PAD "10"
Shape Rect Layer front
position  5.575000 -5.450000  size  1.000000  1.550000  orientation 0.00
drill  0.000000
shape_offset  0.000000  0.000000
$EndPAD
$PAD "11"
Shape Rect Layer front
position -5.975000 -2.375000  size  0.800000  1.500000  orientation 0.00
drill  0.000000
shape_offset  0.000000  0.000000
$EndPAD
$PAD "11"
Shape Rect Layer front
position -5.725000  5.225000  size  1.300000  1.500000  orientation 0.00
drill  0.000000
shape_offset  0.000000  0.000000
$EndPAD
$PAD "11"
Shape Rect Layer front
position  5.625000  5.225000  size  1.500000  1.500000  orientation 0.00
drill  0.000000
shape_offset  0.000000  0.000000
$EndPAD
$PAD "11"
Shape Rect Layer front
position  5.975000 -3.025000  size  0.800000  1.400000  orientation 0.00
drill  0.000000
shape_offset  0.000000  0.000000
$EndPAD
$EndMODULE  J6

$MODULE J7
footprint Connector_PinHeader_2.54mm:PinHeader_1x30_P2.54mm_Vertical
attribut none
position 121.250000 75.320000  orientation 0.00
layer front
$PAD "1"
Shape Rect Layer both
position  0.000000  0.000000  size  1.700000  1.700000  orientation 0.00
drill  1.000000
shape_offset  0.000000  0.000000
$EndPAD
$PAD "2"
Shape Oval Layer both
position  0.000000  2.540000  size  1.700000  1.700000  orientation 0.00
drill  1.000000
shape_offset  0.000000  0.000000
$EndPAD
$PAD "3"
Shape Oval Layer both
position  0.000000  5.080000  size  1.700000  1.700000  orientation 0.00
drill  1.000000
shape_offset  0.000000  0.000000
$EndPAD
$PAD "4"
Shape Oval Layer both
position  0.000000  7.620000  size  1.700000  1.700000  orientation 0.00
drill  1.000000
shape_offset  0.000000  0.000000
$EndPAD
$PAD "5"
Shape Oval Layer both
position  0.000000 10.160000  size  1.700000  1.700000  orientation 0.00
drill  1.000000
shape_offset  0.000000  0.000000
$EndPAD
$PAD "6"
Shape Oval Layer both
position  0.000000 12.700000  size  1.700000  1.700000  orientation 0.00
drill  1.000000
shape_offset  0.000000  0.000000
$EndPAD
$PAD "7"
Shape Oval Layer both
position  0.000000 15.240000  size  1.700000  1.700000  orientation 0.00
drill  1.000000
shape_offset  0.000000  0.000000
$EndPAD
$PAD "8"
Shape Oval Layer both
position  0.000000 17.780000  size  1.700000  1.700000  orientation 0.00
drill  1.000000
shape_offset  0.000000  0.000000
$EndPAD
$PAD "9"
Shape Oval Layer both
position  0.000000 20.320000  size  1.700000  1.700000  orientation 0.00
drill  1.000000
shape_offset  0.000000  0.000000
$EndPAD
$PAD "10"
Shape Oval Layer both
position  0.000000 22.860000  size  1.700000  1.700000  orientation 0.00
drill  1.000000
shape_offset  0.000000  0.000000
$EndPAD
$PAD "11"
Shape Oval Layer both
position  0.000000 25.400000  size  1.700000  1.700000  orientation 0.00
drill  1.000000
shape_offset  0.000000  0.000000
$EndPAD
$PAD "12"
Shape Oval Layer both
position  0.000000 27.940000  size  1.700000  1.700000  orientation 0.00
drill  1.000000
shape_offset  0.000000  0.000000
$EndPAD
$PAD "13"
Shape Oval Layer both
position  0.000000 30.480000  size  1.700000  1.700000  orientation 0.00
drill  1.000000
shape_offset  0.000000  0.000000
$EndPAD
$PAD "14"
Shape Oval Layer both
position  0.000000 33.020000  size  1.700000  1.700000  orientation 0.00
drill  1.000000
shape_offset  0.000000  0.000000
$EndPAD
$PAD "15"
Shape Oval Layer both
position  0.000000 35.560000  size  1.700000  1.700000  orientation 0.00
drill  1.000000
shape_offset  0.000000  0.000000
$EndPAD
$PAD "16"
Shape Oval Layer both
position  0.000000 38.100000  size  1.700000  1.700000  orientation 0.00
drill  1.000000
shape_offset  0.000000  0.000000
$EndPAD
$PAD "17"
Shape Oval Layer both
position  0.000000 40.640000  size  1.700000  1.700000  orientation 0.00
drill  1.000000
shape_offset  0.000000  0.000000
$EndPAD
$PAD "18"
Shape Oval Layer both
position  0.000000 43.180000  size  1.700000  1.700000  orientation 0.00
drill  1.000000
shape_offset  0.000000  0.000000
$EndPAD
$PAD "19"
Shape Oval Layer both
position  0.000000 45.720000  size  1.700000  1.700000  orientation 0.00
drill  1.000000
shape_offset  0.000000  0.000000
$EndPAD
$PAD "20"
Shape Oval Layer both
position  0.000000 48.260000  size  1.700000  1.700000  orientation 0.00
drill  1.000000
shape_offset  0.000000  0.000000
$EndPAD
$PAD "21"
Shape Oval Layer both
position  0.000000 50.800000  size  1.700000  1.700000  orientation 0.00
drill  1.000000
shape_offset  0.000000  0.000000
$EndPAD
$PAD "22"
Shape Oval Layer both
position  0.000000 53.340000  size  1.700000  1.700000  orientation 0.00
drill  1.000000
shape_offset  0.000000  0.000000
$EndPAD
$PAD "23"
Shape Oval Layer both
position  0.000000 55.880000  size  1.700000  1.700000  orientation 0.00
drill  1.000000
shape_offset  0.000000  0.000000
$EndPAD
$PAD "24"
Shape Oval Layer both
position  0.000000 58.420000  size  1.700000  1.700000  orientation 0.00
drill  1.000000
shape_offset  0.000000  0.000000
$EndPAD
$PAD "25"
Shape Oval Layer both
position  0.000000 60.960000  size  1.700000  1.700000  orientation 0.00
drill  1.000000
shape_offset  0.000000  0.000000
$EndPAD
$PAD "26"
Shape Oval Layer both
position  0.000000 63.500000  size  1.700000  1.700000  orientation 0.00
drill  1.000000
shape_offset  0.000000  0.000000
$EndPAD
$PAD "27"
Shape Oval Layer both
position  0.000000 66.040000  size  1.700000  1.700000  orientation 0.00
drill  1.000000
shape_offset  0.000000  0.000000
$EndPAD
$PAD "28"
Shape Oval Layer both
position  0.000000 68.580000  size  1.700000  1.700000  orientation 0.00
drill  1.000000
shape_offset  0.000000  0.000000
$EndPAD
$PAD "29"
Shape Oval Layer both
position  0.000000 71.120000  size  1.700000  1.700000  orientation 0.00
drill  1.000000
shape_offset  0.000000  0.000000
$EndPAD
$PAD "30"
Shape Oval Layer both
position  0.000000 73.660000  size  1.700000  1.700000  orientation 0.00
drill  1.000000
shape_offset  0.000000  0.000000
$EndPAD
$EndMODULE  J7

$MODULE JP1
footprint Jumper:SolderJumper-2_P1.3mm_Open_TrianglePad1.0x1.5mm
attribut virtual
position 134.750000 148.225000  orientation -90.00
layer back
$PAD "1"
Shape CustomShape Layer back
position -0.725000  0.000000  size  0.300000  0.300000  orientation 360.00
drill  0.000000
shape_offset  0.000000  0.000000
$EndPAD
$PAD "2"
Shape CustomShape Layer back
position  0.725000  0.000000  size  0.300000  0.300000  orientation 360.00
drill  0.000000
shape_offset  0.000000  0.000000
$EndPAD
$EndMODULE  JP1

$MODULE JP2
footprint Jumper:SolderJumper-2_P1.3mm_Open_TrianglePad1.0x1.5mm
attribut virtual
position 129.250000 148.225000  orientation -90.00
layer back
$PAD "1"
Shape CustomShape Layer back
position -0.725000  0.000000  size  0.300000  0.300000  orientation 360.00
drill  0.000000
shape_offset  0.000000  0.000000
$EndPAD
$PAD "2"
Shape CustomShape Layer back
position  0.725000  0.000000  size  0.300000  0.300000  orientation 360.00
drill  0.000000
shape_offset  0.000000  0.000000
$EndPAD
$EndMODULE  JP2

$MODULE JP3
footprint Jumper:SolderJumper-2_P1.3mm_Open_TrianglePad1.0x1.5mm
attribut virtual
position 131.950000 148.225000  orientation -90.00
layer back
$PAD "1"
Shape CustomShape Layer back
position -0.725000  0.000000  size  0.300000  0.300000  orientation 360.00
drill  0.000000
shape_offset  0.000000  0.000000
$EndPAD
$PAD "2"
Shape CustomShape Layer back
position  0.725000  0.000000  size  0.300000  0.300000  orientation 360.00
drill  0.000000
shape_offset  0.000000  0.000000
$EndPAD
$EndMODULE  JP3

$MODULE R1
footprint Resistor_SMD:R_0603_1608Metric_Pad0.98x0.95mm_HandSolder
attribut smd
position 148.912500 80.700000  orientation 0.00
layer front
$PAD "1"
Shape Roundrect Layer front
position -0.912500  0.000000  size  0.975000  0.950000  orientation 0.00
drill  0.000000
shape_offset  0.000000  0.000000
$EndPAD
$PAD "2"
Shape Roundrect Layer front
position  0.912500  0.000000  size  0.975000  0.950000  orientation 0.00
drill  0.000000
shape_offset  0.000000  0.000000
$EndPAD
$EndMODULE  R1

$MODULE R2
footprint Resistor_SMD:R_0603_1608Metric_Pad0.98x0.95mm_HandSolder
attribut smd
position 153.200000 85.875000  orientation -90.00
layer front
$PAD "1"
Shape Roundrect Layer front
position -0.912500  0.000000  size  0.975000  0.950000  orientation 360.00
drill  0.000000
shape_offset  0.000000  0.000000
$EndPAD
$PAD "2"
Shape Roundrect Layer front
position  0.912500  0.000000  size  0.975000  0.950000  orientation 360.00
drill  0.000000
shape_offset  0.000000  0.000000
$EndPAD
$EndMODULE  R2

$MODULE R3
footprint Resistor_SMD:R_0603_1608Metric_Pad0.98x0.95mm_HandSolder
attribut smd
position 148.700000 85.875000  orientation -90.00
layer front
$PAD "1"
Shape Roundrect Layer front
position -0.912500  0.000000  size  0.975000  0.950000  orientation 360.00
drill  0.000000
shape_offset  0.000000  0.000000
$EndPAD
$PAD "2"
Shape Roundrect Layer front
position  0.912500  0.000000  size  0.975000  0.950000  orientation 360.00
drill  0.000000
shape_offset  0.000000  0.000000
$EndPAD
$EndMODULE  R3

$MODULE R5
footprint Resistor_SMD:R_0603_1608Metric_Pad0.98x0.95mm_HandSolder
attribut smd
position 142.975000 140.000000  orientation 180.00
layer front
$PAD "1"
Shape Roundrect Layer front
position -0.912500  0.000000  size  0.975000  0.950000  orientation 0.00
drill  0.000000
shape_offset  0.000000  0.000000
$EndPAD
$PAD "2"
Shape Roundrect Layer front
position  0.912500  0.000000  size  0.975000  0.950000  orientation 0.00
drill  0.000000
shape_offset  0.000000  0.000000
$EndPAD
$EndMODULE  R5

$MODULE R6
footprint Resistor_SMD:R_0603_1608Metric_Pad0.98x0.95mm_HandSolder
attribut smd
position 150.387500 140.000000  orientation 0.00
layer front
$PAD "1"
Shape Roundrect Layer front
position -0.912500  0.000000  size  0.975000  0.950000  orientation 0.00
drill  0.000000
shape_offset  0.000000  0.000000
$EndPAD
$PAD "2"
Shape Roundrect Layer front
position  0.912500  0.000000  size  0.975000  0.950000  orientation 0.00
drill  0.000000
shape_offset  0.000000  0.000000
$EndPAD
$EndMODULE  R6

$MODULE R7
footprint Resistor_SMD:R_0603_1608Metric_Pad0.98x0.95mm_HandSolder
attribut smd
position 143.800000 119.900000  orientation -90.00
layer front
$PAD "1"
Shape Roundrect Layer front
position -0.912500  0.000000  size  0.975000  0.950000  orientation 360.00
drill  0.000000
shape_offset  0.000000  0.000000
$EndPAD
$PAD "2"
Shape Roundrect Layer front
position  0.912500  0.000000  size  0.975000  0.950000  orientation 360.00
drill  0.000000
shape_offset  0.000000  0.000000
$EndPAD
$EndMODULE  R7

$MODULE R8
footprint Resistor_SMD:R_0603_1608Metric_Pad0.98x0.95mm_HandSolder
attribut smd
position 139.200000 98.987500  orientation 90.00
layer front
$PAD "1"
Shape Roundrect Layer front
position -0.912500  0.000000  size  0.975000  0.950000  orientation 0.00
drill  0.000000
shape_offset  0.000000  0.000000
$EndPAD
$PAD "2"
Shape Roundrect Layer front
position  0.912500  0.000000  size  0.975000  0.950000  orientation 0.00
drill  0.000000
shape_offset  0.000000  0.000000
$EndPAD
$EndMODULE  R8

$MODULE R9
footprint Resistor_SMD:R_0603_1608Metric_Pad0.98x0.95mm_HandSolder
attribut smd
position 145.000000 82.450000  orientation 180.00
layer front
$PAD "1"
Shape Roundrect Layer front
position -0.912500  0.000000  size  0.975000  0.950000  orientation 0.00
drill  0.000000
shape_offset  0.000000  0.000000
$EndPAD
$PAD "2"
Shape Roundrect Layer front
position  0.912500  0.000000  size  0.975000  0.950000  orientation 0.00
drill  0.000000
shape_offset  0.000000  0.000000
$EndPAD
$EndMODULE  R9

$MODULE R10
footprint Resistor_SMD:R_0603_1608Metric_Pad0.98x0.95mm_HandSolder
attribut smd
position 145.500000 119.900000  orientation -90.00
layer front
$PAD "1"
Shape Roundrect Layer front
position -0.912500  0.000000  size  0.975000  0.950000  orientation 360.00
drill  0.000000
shape_offset  0.000000  0.000000
$EndPAD
$PAD "2"
Shape Roundrect Layer front
position  0.912500  0.000000  size  0.975000  0.950000  orientation 360.00
drill  0.000000
shape_offset  0.000000  0.000000
$EndPAD
$EndMODULE  R10

$MODULE R11
footprint Resistor_SMD:R_0603_1608Metric_Pad0.98x0.95mm_HandSolder
attribut smd
position 153.000000 80.700000  orientation 0.00
layer front
$PAD "1"
Shape Roundrect Layer front
position -0.912500  0.000000  size  0.975000  0.950000  orientation 0.00
drill  0.000000
shape_offset  0.000000  0.000000
$EndPAD
$PAD "2"
Shape Roundrect Layer front
position  0.912500  0.000000  size  0.975000  0.950000  orientation 0.00
drill  0.000000
shape_offset  0.000000  0.000000
$EndPAD
$EndMODULE  R11

$MODULE R12
footprint Resistor_SMD:R_0603_1608Metric_Pad0.98x0.95mm_HandSolder
attribut smd
position 129.900000 90.000000  orientation -90.00
layer front
$PAD "1"
Shape Roundrect Layer front
position -0.912500  0.000000  size  0.975000  0.950000  orientation 360.00
drill  0.000000
shape_offset  0.000000  0.000000
$EndPAD
$PAD "2"
Shape Roundrect Layer front
position  0.912500  0.000000  size  0.975000  0.950000  orientation 360.00
drill  0.000000
shape_offset  0.000000  0.000000
$EndPAD
$EndMODULE  R12

$MODULE R13
footprint Resistor_SMD:R_0603_1608Metric_Pad0.98x0.95mm_HandSolder
attribut smd
position 128.200000 90.000000  orientation -90.00
layer front
$PAD "1"
Shape Roundrect Layer front
position -0.912500  0.000000  size  0.975000  0.950000  orientation 360.00
drill  0.000000
shape_offset  0.000000  0.000000
$EndPAD
$PAD "2"
Shape Roundrect Layer front
position  0.912500  0.000000  size  0.975000  0.950000  orientation 360.00
drill  0.000000
shape_offset  0.000000  0.000000
$EndPAD
$EndMODULE  R13

$MODULE REF**
footprint Symbol:WEEE-Logo_4.2x6mm_SilkScreen
attribut virtual
position 130.100000 130.800000  orientation 0.00
layer front
$EndMODULE  REF**

$MODULE REF**
footprint Symbol:OSHW-Logo_5.7x6mm_SilkScreen
attribut virtual
position 135.900000 130.600000  orientation 0.00
layer front
$EndMODULE  REF**

$MODULE REF**
footprint Symbol:Symbol_CreativeCommonsPublicDomain_SilkScreenTop_Small
attribut virtual
position 145.400000 115.825000  orientation -90.00
layer back
$EndMODULE  REF**

$MODULE SW1
footprint Button_Switch_SMD:SW_SPST_B3U-1000P
attribut smd
position 149.000000 77.180000  orientation -90.00
layer front
$PAD "1"
Shape Rect Layer front
position -1.700000  0.000000  size  0.900000  1.700000  orientation 360.00
drill  0.000000
shape_offset  0.000000  0.000000
$EndPAD
$PAD "2"
Shape Rect Layer front
position  1.700000  0.000000  size  0.900000  1.700000  orientation 360.00
drill  0.000000
shape_offset  0.000000  0.000000
$EndPAD
$EndMODULE  SW1

$MODULE SW2
footprint Button_Switch_SMD:SW_SPST_B3U-1000P
attribut smd
position 145.000000 77.180000  orientation -90.00
layer front
$PAD "1"
Shape Rect Layer front
position -1.700000  0.000000  size  0.900000  1.700000  orientation 360.00
drill  0.000000
shape_offset  0.000000  0.000000
$EndPAD
$PAD "2"
Shape Rect Layer front
position  1.700000  0.000000  size  0.900000  1.700000  orientation 360.00
drill  0.000000
shape_offset  0.000000  0.000000
$EndPAD
$EndMODULE  SW2

$MODULE SW3
footprint Button_Switch_SMD:SW_SPST_B3U-1000P
attribut smd
position 153.000000 77.200000  orientation -90.00
layer front
$PAD "1"
Shape Rect Layer front
position -1.700000  0.000000  size  0.900000  1.700000  orientation 360.00
drill  0.000000
shape_offset  0.000000  0.000000
$EndPAD
$PAD "2"
Shape Rect Layer front
position  1.700000  0.000000  size  0.900000  1.700000  orientation 360.00
drill  0.000000
shape_offset  0.000000  0.000000
$EndPAD
$EndMODULE  SW3

$MODULE U1
footprint Package_QFP:LQFP-64_10x10mm_P0.5mm
attribut smd
position 139.250000 108.675000  orientation 0.00
layer front
$PAD "1"
Shape Roundrect Layer front
position -5.675000 -3.750000  size  1.550000  0.300000  orientation 0.00
drill  0.000000
shape_offset  0.000000  0.000000
$EndPAD
$PAD "2"
Shape Roundrect Layer front
position -5.675000 -3.250000  size  1.550000  0.300000  orientation 0.00
drill  0.000000
shape_offset  0.000000  0.000000
$EndPAD
$PAD "3"
Shape Roundrect Layer front
position -5.675000 -2.750000  size  1.550000  0.300000  orientation 0.00
drill  0.000000
shape_offset  0.000000  0.000000
$EndPAD
$PAD "4"
Shape Roundrect Layer front
position -5.675000 -2.250000  size  1.550000  0.300000  orientation 0.00
drill  0.000000
shape_offset  0.000000  0.000000
$EndPAD
$PAD "5"
Shape Roundrect Layer front
position -5.675000 -1.750000  size  1.550000  0.300000  orientation 0.00
drill  0.000000
shape_offset  0.000000  0.000000
$EndPAD
$PAD "6"
Shape Roundrect Layer front
position -5.675000 -1.250000  size  1.550000  0.300000  orientation 0.00
drill  0.000000
shape_offset  0.000000  0.000000
$EndPAD
$PAD "7"
Shape Roundrect Layer front
position -5.675000 -0.750000  size  1.550000  0.300000  orientation 0.00
drill  0.000000
shape_offset  0.000000  0.000000
$EndPAD
$PAD "8"
Shape Roundrect Layer front
position -5.675000 -0.250000  size  1.550000  0.300000  orientation 0.00
drill  0.000000
shape_offset  0.000000  0.000000
$EndPAD
$PAD "9"
Shape Roundrect Layer front
position -5.675000  0.250000  size  1.550000  0.300000  orientation 0.00
drill  0.000000
shape_offset  0.000000  0.000000
$EndPAD
$PAD "10"
Shape Roundrect Layer front
position -5.675000  0.750000  size  1.550000  0.300000  orientation 0.00
drill  0.000000
shape_offset  0.000000  0.000000
$EndPAD
$PAD "11"
Shape Roundrect Layer front
position -5.675000  1.250000  size  1.550000  0.300000  orientation 0.00
drill  0.000000
shape_offset  0.000000  0.000000
$EndPAD
$PAD "12"
Shape Roundrect Layer front
position -5.675000  1.750000  size  1.550000  0.300000  orientation 0.00
drill  0.000000
shape_offset  0.000000  0.000000
$EndPAD
$PAD "13"
Shape Roundrect Layer front
position -5.675000  2.250000  size  1.550000  0.300000  orientation 0.00
drill  0.000000
shape_offset  0.000000  0.000000
$EndPAD
$PAD "14"
Shape Roundrect Layer front
position -5.675000  2.750000  size  1.550000  0.300000  orientation 0.00
drill  0.000000
shape_offset  0.000000  0.000000
$EndPAD
$PAD "15"
Shape Roundrect Layer front
position -5.675000  3.250000  size  1.550000  0.300000  orientation 0.00
drill  0.000000
shape_offset  0.000000  0.000000
$EndPAD
$PAD "16"
Shape Roundrect Layer front
position -5.675000  3.750000  size  1.550000  0.300000  orientation 0.00
drill  0.000000
shape_offset  0.000000  0.000000
$EndPAD
$PAD "17"
Shape Roundrect Layer front
position -3.750000  5.675000  size  0.300000  1.550000  orientation 0.00
drill  0.000000
shape_offset  0.000000  0.000000
$EndPAD
$PAD "18"
Shape Roundrect Layer front
position -3.250000  5.675000  size  0.300000  1.550000  orientation 0.00
drill  0.000000
shape_offset  0.000000  0.000000
$EndPAD
$PAD "19"
Shape Roundrect Layer front
position -2.750000  5.675000  size  0.300000  1.550000  orientation 0.00
drill  0.000000
shape_offset  0.000000  0.000000
$EndPAD
$PAD "20"
Shape Roundrect Layer front
position -2.250000  5.675000  size  0.300000  1.550000  orientation 0.00
drill  0.000000
shape_offset  0.000000  0.000000
$EndPAD
$PAD "21"
Shape Roundrect Layer front
position -1.750000  5.675000  size  0.300000  1.550000  orientation 0.00
drill  0.000000
shape_offset  0.000000  0.000000
$EndPAD
$PAD "22"
Shape Roundrect Layer front
position -1.250000  5.675000  size  0.300000  1.550000  orientation 0.00
drill  0.000000
shape_offset  0.000000  0.000000
$EndPAD
$PAD "23"
Shape Roundrect Layer front
position -0.750000  5.675000  size  0.300000  1.550000  orientation 0.00
drill  0.000000
shape_offset  0.000000  0.000000
$EndPAD
$PAD "24"
Shape Roundrect Layer front
position -0.250000  5.675000  size  0.300000  1.550000  orientation 0.00
drill  0.000000
shape_offset  0.000000  0.000000
$EndPAD
$PAD "25"
Shape Roundrect Layer front
position  0.250000  5.675000  size  0.300000  1.550000  orientation 0.00
drill  0.000000
shape_offset  0.000000  0.000000
$EndPAD
$PAD "26"
Shape Roundrect Layer front
position  0.750000  5.675000  size  0.300000  1.550000  orientation 0.00
drill  0.000000
shape_offset  0.000000  0.000000
$EndPAD
$PAD "27"
Shape Roundrect Layer front
position  1.250000  5.675000  size  0.300000  1.550000  orientation 0.00
drill  0.000000
shape_offset  0.000000  0.000000
$EndPAD
$PAD "28"
Shape Roundrect Layer front
position  1.750000  5.675000  size  0.300000  1.550000  orientation 0.00
drill  0.000000
shape_offset  0.000000  0.000000
$EndPAD
$PAD "29"
Shape Roundrect Layer front
position  2.250000  5.675000  size  0.300000  1.550000  orientation 0.00
drill  0.000000
shape_offset  0.000000  0.000000
$EndPAD
$PAD "30"
Shape Roundrect Layer front
position  2.750000  5.675000  size  0.300000  1.550000  orientation 0.00
drill  0.000000
shape_offset  0.000000  0.000000
$EndPAD
$PAD "31"
Shape Roundrect Layer front
position  3.250000  5.675000  size  0.300000  1.550000  orientation 0.00
drill  0.000000
shape_offset  0.000000  0.000000
$EndPAD
$PAD "32"
Shape Roundrect Layer front
position  3.750000  5.675000  size  0.300000  1.550000  orientation 0.00
drill  0.000000
shape_offset  0.000000  0.000000
$EndPAD
$PAD "33"
Shape Roundrect Layer front
position  5.675000  3.750000  size  1.550000  0.300000  orientation 0.00
drill  0.000000
shape_offset  0.000000  0.000000
$EndPAD
$PAD "34"
Shape Roundrect Layer front
position  5.675000  3.250000  size  1.550000  0.300000  orientation 0.00
drill  0.000000
shape_offset  0.000000  0.000000
$EndPAD
$PAD "35"
Shape Roundrect Layer front
position  5.675000  2.750000  size  1.550000  0.300000  orientation 0.00
drill  0.000000
shape_offset  0.000000  0.000000
$EndPAD
$PAD "36"
Shape Roundrect Layer front
position  5.675000  2.250000  size  1.550000  0.300000  orientation 0.00
drill  0.000000
shape_offset  0.000000  0.000000
$EndPAD
$PAD "37"
Shape Roundrect Layer front
position  5.675000  1.750000  size  1.550000  0.300000  orientation 0.00
drill  0.000000
shape_offset  0.000000  0.000000
$EndPAD
$PAD "38"
Shape Roundrect Layer front
position  5.675000  1.250000  size  1.550000  0.300000  orientation 0.00
drill  0.000000
shape_offset  0.000000  0.000000
$EndPAD
$PAD "39"
Shape Roundrect Layer front
position  5.675000  0.750000  size  1.550000  0.300000  orientation 0.00
drill  0.000000
shape_offset  0.000000  0.000000
$EndPAD
$PAD "40"
Shape Roundrect Layer front
position  5.675000  0.250000  size  1.550000  0.300000  orientation 0.00
drill  0.000000
shape_offset  0.000000  0.000000
$EndPAD
$PAD "41"
Shape Roundrect Layer front
position  5.675000 -0.250000  size  1.550000  0.300000  orientation 0.00
drill  0.000000
shape_offset  0.000000  0.000000
$EndPAD
$PAD "42"
Shape Roundrect Layer front
position  5.675000 -0.750000  size  1.550000  0.300000  orientation 0.00
drill  0.000000
shape_offset  0.000000  0.000000
$EndPAD
$PAD "43"
Shape Roundrect Layer front
position  5.675000 -1.250000  size  1.550000  0.300000  orientation 0.00
drill  0.000000
shape_offset  0.000000  0.000000
$EndPAD
$PAD "44"
Shape Roundrect Layer front
position  5.675000 -1.750000  size  1.550000  0.300000  orientation 0.00
drill  0.000000
shape_offset  0.000000  0.000000
$EndPAD
$PAD "45"
Shape Roundrect Layer front
position  5.675000 -2.250000  size  1.550000  0.300000  orientation 0.00
drill  0.000000
shape_offset  0.000000  0.000000
$EndPAD
$PAD "46"
Shape Roundrect Layer front
position  5.675000 -2.750000  size  1.550000  0.300000  orientation 0.00
drill  0.000000
shape_offset  0.000000  0.000000
$EndPAD
$PAD "47"
Shape Roundrect Layer front
position  5.675000 -3.250000  size  1.550000  0.300000  orientation 0.00
drill  0.000000
shape_offset  0.000000  0.000000
$EndPAD
$PAD "48"
Shape Roundrect Layer front
position  5.675000 -3.750000  size  1.550000  0.300000  orientation 0.00
drill  0.000000
shape_offset  0.000000  0.000000
$EndPAD
$PAD "49"
Shape Roundrect Layer front
position  3.750000 -5.675000  size  0.300000  1.550000  orientation 0.00
drill  0.000000
shape_offset  0.000000  0.000000
$EndPAD
$PAD "50"
Shape Roundrect Layer front
position  3.250000 -5.675000  size  0.300000  1.550000  orientation 0.00
drill  0.000000
shape_offset  0.000000  0.000000
$EndPAD
$PAD "51"
Shape Roundrect Layer front
position  2.750000 -5.675000  size  0.300000  1.550000  orientation 0.00
drill  0.000000
shape_offset  0.000000  0.000000
$EndPAD
$PAD "52"
Shape Roundrect Layer front
position  2.250000 -5.675000  size  0.300000  1.550000  orientation 0.00
drill  0.000000
shape_offset  0.000000  0.000000
$EndPAD
$PAD "53"
Shape Roundrect Layer front
position  1.750000 -5.675000  size  0.300000  1.550000  orientation 0.00
drill  0.000000
shape_offset  0.000000  0.000000
$EndPAD
$PAD "54"
Shape Roundrect Layer front
position  1.250000 -5.675000  size  0.300000  1.550000  orientation 0.00
drill  0.000000
shape_offset  0.000000  0.000000
$EndPAD
$PAD "55"
Shape Roundrect Layer front
position  0.750000 -5.675000  size  0.300000  1.550000  orientation 0.00
drill  0.000000
shape_offset  0.000000  0.000000
$EndPAD
$PAD "56"
Shape Roundrect Layer front
position  0.250000 -5.675000  size  0.300000  1.550000  orientation 0.00
drill  0.000000
shape_offset  0.000000  0.000000
$EndPAD
$PAD "57"
Shape Roundrect Layer front
position -0.250000 -5.675000  size  0.300000  1.550000  orientation 0.00
drill  0.000000
shape_offset  0.000000  0.000000
$EndPAD
$PAD "58"
Shape Roundrect Layer front
position -0.750000 -5.675000  size  0.300000  1.550000  orientation 0.00
drill  0.000000
shape_offset  0.000000  0.000000
$EndPAD
$PAD "59"
Shape Roundrect Layer front
position -1.250000 -5.675000  size  0.300000  1.550000  orientation 0.00
drill  0.000000
shape_offset  0.000000  0.000000
$EndPAD
$PAD "60"
Shape Roundrect Layer front
position -1.750000 -5.675000  size  0.300000  1.550000  orientation 0.00
drill  0.000000
shape_offset  0.000000  0.000000
$EndPAD
$PAD "61"
Shape Roundrect Layer front
position -2.250000 -5.675000  size  0.300000  1.550000  orientation 0.00
drill  0.000000
shape_offset  0.000000  0.000000
$EndPAD
$PAD "62"
Shape Roundrect Layer front
position -2.750000 -5.675000  size  0.300000  1.550000  orientation 0.00
drill  0.000000
shape_offset  0.000000  0.000000
$EndPAD
$PAD "63"
Shape Roundrect Layer front
position -3.250000 -5.675000  size  0.300000  1.550000  orientation 0.00
drill  0.000000
shape_offset  0.000000  0.000000
$EndPAD
$PAD "64"
Shape Roundrect Layer front
position -3.750000 -5.675000  size  0.300000  1.550000  orientation 0.00
drill  0.000000
shape_offset  0.000000  0.000000
$EndPAD
$EndMODULE  U1

$MODULE U2
footprint Package_TO_SOT_SMD:SOT-223-3_TabPin2
attribut smd
position 147.180000 133.500000  orientation 0.00
layer front
$PAD "1"
Shape Roundrect Layer front
position -3.150000 -2.300000  size  2.000000  1.500000  orientation 0.00
drill  0.000000
shape_offset  0.000000  0.000000
$EndPAD
$PAD "2"
Shape Roundrect Layer front
position -3.150000  0.000000  size  2.000000  1.500000  orientation 0.00
drill  0.000000
shape_offset  0.000000  0.000000
$EndPAD
$PAD "2"
Shape Roundrect Layer front
position  3.150000  0.000000  size  2.000000  3.800000  orientation 0.00
drill  0.000000
shape_offset  0.000000  0.000000
$EndPAD
$PAD "3"
Shape Roundrect Layer front
position -3.150000  2.300000  size  2.000000  1.500000  orientation 0.00
drill  0.000000
shape_offset  0.000000  0.000000
$EndPAD
$EndMODULE  U2

$MODULE Y1
footprint Crystal:Crystal_SMD_3215-2Pin_3.2x1.5mm
attribut smd
position 141.550000 90.030000  orientation -90.00
layer front
$PAD "1"
Shape Rect Layer front
position  1.250000  0.000000  size  1.000000  1.800000  orientation 360.00
drill  0.000000
shape_offset  0.000000  0.000000
$EndPAD
$PAD "2"
Shape Rect Layer front
position -1.250000  0.000000  size  1.000000  1.800000  orientation 360.00
drill  0.000000
shape_offset  0.000000  0.000000
$EndPAD
$EndMODULE  Y1

$MODULE Y2
footprint Crystal:Crystal_SMD_3225-4Pin_3.2x2.5mm
attribut smd
position 134.650000 89.900000  orientation 0.00
layer front
$PAD "1"
Shape Rect Layer front
position -1.100000  0.850000  size  1.400000  1.200000  orientation 0.00
drill  0.000000
shape_offset  0.000000  0.000000
$EndPAD
$PAD "2"
Shape Rect Layer front
position  1.100000  0.850000  size  1.400000  1.200000  orientation 0.00
drill  0.000000
shape_offset  0.000000  0.000000
$EndPAD
$PAD "3"
Shape Rect Layer front
position  1.100000 -0.850000  size  1.400000  1.200000  orientation 0.00
drill  0.000000
shape_offset  0.000000  0.000000
$EndPAD
$PAD "4"
Shape Rect Layer front
position -1.100000 -0.850000  size  1.400000  1.200000  orientation 0.00
drill  0.000000
shape_offset  0.000000  0.000000
$EndPAD
$EndMODULE  Y2

$EndDESCRIPTION
